{"level":"info","message":"POST /login. Status: 200. Duration: 1 ms","service":"booking_app"}
{"level":"info","message":"GET /users/e5678901-23f0-1234-5678-9abcdef01234. Status: 200. Duration: 0 ms","service":"booking_app"}
{"level":"info","message":"POST /login. Status: 200. Duration: 1 ms","service":"booking_app"}
{"level":"info","message":"PUT /users/e5678901-23f0-1234-5678-9abcdef01234. Status: 200. Duration: 1 ms","service":"booking_app"}
{"level":"info","message":"POST /login. Status: 200. Duration: 0 ms","service":"booking_app"}
{"level":"info","message":"DELETE /users/e5678901-23f0-1234-5678-9abcdef01234. Status: 200. Duration: 0 ms","service":"booking_app"}
{"level":"info","message":"POST /login. Status: 200. Duration: 1 ms","service":"booking_app"}
{"level":"info","message":"GET /users. Status: 200. Duration: 0 ms","service":"booking_app"}
{"level":"info","message":"POST /login. Status: 200. Duration: 0 ms","service":"booking_app"}
{"level":"info","message":"POST /users. Status: 200. Duration: 0 ms","service":"booking_app"}
{"level":"info","message":"POST /login. Status: 200. Duration: 0 ms","service":"booking_app"}
{"level":"info","message":"GET /hosts/e2345678-90bc-def0-0123-456789abcdef. Status: 200. Duration: 0 ms","service":"booking_app"}
{"level":"info","message":"POST /login. Status: 200. Duration: 1 ms","service":"booking_app"}
{"level":"info","message":"PUT /hosts/e2345678-90bc-def0-0123-456789abcdef. Status: 200. Duration: 0 ms","service":"booking_app"}
{"level":"info","message":"POST /login. Status: 200. Duration: 0 ms","service":"booking_app"}
{"level":"info","message":"DELETE /hosts/e2345678-90bc-def0-0123-456789abcdef. Status: 200. Duration: 0 ms","service":"booking_app"}
{"level":"info","message":"POST /login. Status: 200. Duration: 0 ms","service":"booking_app"}
{"level":"info","message":"GET /hosts. Status: 200. Duration: 0 ms","service":"booking_app"}
{"level":"info","message":"POST /login. Status: 200. Duration: 0 ms","service":"booking_app"}
{"level":"info","message":"POST /hosts. Status: 200. Duration: 0 ms","service":"booking_app"}
{"level":"info","message":"POST /login. Status: 200. Duration: 0 ms","service":"booking_app"}
{"level":"info","message":"GET /properties/i1234567-89f0-1234-5678-9abcdef01234. Status: 200. Duration: 0 ms","service":"booking_app"}
{"level":"info","message":"POST /login. Status: 200. Duration: 0 ms","service":"booking_app"}
{"level":"info","message":"PUT /properties/i1234567-89f0-1234-5678-9abcdef01234. Status: 200. Duration: 0 ms","service":"booking_app"}
{"level":"info","message":"POST /login. Status: 200. Duration: 1 ms","service":"booking_app"}
{"level":"info","message":"DELETE /properties/i1234567-89f0-1234-5678-9abcdef01234. Status: 200. Duration: 0 ms","service":"booking_app"}
{"level":"info","message":"POST /login. Status: 200. Duration: 0 ms","service":"booking_app"}
{"level":"info","message":"GET /properties. Status: 200. Duration: 1 ms","service":"booking_app"}
{"level":"info","message":"POST /login. Status: 200. Duration: 0 ms","service":"booking_app"}
{"level":"info","message":"POST /properties. Status: 200. Duration: 0 ms","service":"booking_app"}
{"level":"info","message":"POST /login. Status: 200. Duration: 0 ms","service":"booking_app"}
{"level":"info","message":"GET /amenities/u3456789-01rs-tuvw-01cd-ef0123456789. Status: 200. Duration: 0 ms","service":"booking_app"}
{"level":"info","message":"POST /login. Status: 200. Duration: 0 ms","service":"booking_app"}
{"level":"info","message":"PUT /amenities/u3456789-01rs-tuvw-01cd-ef0123456789. Status: 200. Duration: 0 ms","service":"booking_app"}
{"level":"info","message":"POST /login. Status: 200. Duration: 0 ms","service":"booking_app"}
{"level":"info","message":"DELETE /amenities/u3456789-01rs-tuvw-01cd-ef0123456789. Status: 200. Duration: 0 ms","service":"booking_app"}
{"level":"info","message":"POST /login. Status: 200. Duration: 1 ms","service":"booking_app"}
{"level":"info","message":"GET /amenities. Status: 200. Duration: 0 ms","service":"booking_app"}
{"level":"info","message":"POST /login. Status: 200. Duration: 0 ms","service":"booking_app"}
{"level":"info","message":"POST /amenities. Status: 200. Duration: 0 ms","service":"booking_app"}
{"level":"info","message":"POST /login. Status: 200. Duration: 0 ms","service":"booking_app"}
{"level":"info","message":"GET /bookings/f0123456-78ab-cdef-0123-456789abcdef. Status: 200. Duration: 0 ms","service":"booking_app"}
{"level":"info","message":"POST /login. Status: 200. Duration: 0 ms","service":"booking_app"}
{"level":"info","message":"PUT /bookings/f0123456-78ab-cdef-0123-456789abcdef. Status: 200. Duration: 0 ms","service":"booking_app"}
{"level":"info","message":"POST /login. Status: 200. Duration: 0 ms","service":"booking_app"}
{"level":"info","message":"DELETE /bookings/f0123456-78ab-cdef-0123-456789abcdef. Status: 200. Duration: 0 ms","service":"booking_app"}
{"level":"info","message":"POST /login. Status: 200. Duration: 0 ms","service":"booking_app"}
{"level":"info","message":"GET /bookings. Status: 200. Duration: 0 ms","service":"booking_app"}
{"level":"info","message":"POST /login. Status: 200. Duration: 1 ms","service":"booking_app"}
{"level":"info","message":"POST /bookings. Status: 200. Duration: 0 ms","service":"booking_app"}
{"level":"info","message":"POST /login. Status: 200. Duration: 0 ms","service":"booking_app"}
{"level":"info","message":"GET /reviews/j0123456-78f0-1234-5678-9abcdef01234. Status: 200. Duration: 0 ms","service":"booking_app"}
{"level":"info","message":"POST /login. Status: 200. Duration: 1 ms","service":"booking_app"}
{"level":"info","message":"PUT /reviews/j0123456-78f0-1234-5678-9abcdef01234. Status: 200. Duration: 0 ms","service":"booking_app"}
{"level":"info","message":"POST /login. Status: 200. Duration: 0 ms","service":"booking_app"}
{"level":"info","message":"DELETE /reviews/j0123456-78f0-1234-5678-9abcdef01234. Status: 200. Duration: 0 ms","service":"booking_app"}
{"level":"info","message":"POST /login. Status: 200. Duration: 1 ms","service":"booking_app"}
{"level":"info","message":"GET /reviews. Status: 200. Duration: 0 ms","service":"booking_app"}
{"level":"info","message":"POST /login. Status: 200. Duration: 1 ms","service":"booking_app"}
{"level":"info","message":"POST /reviews. Status: 200. Duration: 1 ms","service":"booking_app"}
{"level":"info","message":"POST /login. Status: 200. Duration: 0 ms","service":"booking_app"}
{"level":"info","message":"POST /login. Status: 200. Duration: 0 ms","service":"booking_app"}
{"level":"info","message":"POST /login. Status: 200. Duration: 0 ms","service":"booking_app"}
{"level":"info","message":"GET /users/e5678901-23f0-1234-5678-9abcdef01234. Status: 200. Duration: 0 ms","service":"booking_app"}
{"level":"info","message":"POST /login. Status: 200. Duration: 0 ms","service":"booking_app"}
{"level":"info","message":"PUT /users/e5678901-23f0-1234-5678-9abcdef01234. Status: 200. Duration: 0 ms","service":"booking_app"}
{"level":"info","message":"POST /login. Status: 200. Duration: 0 ms","service":"booking_app"}
{"level":"info","message":"DELETE /users/e5678901-23f0-1234-5678-9abcdef01234. Status: 200. Duration: 0 ms","service":"booking_app"}
{"level":"info","message":"POST /login. Status: 200. Duration: 0 ms","service":"booking_app"}
{"level":"info","message":"GET /users. Status: 200. Duration: 0 ms","service":"booking_app"}
{"level":"info","message":"POST /login. Status: 200. Duration: 1 ms","service":"booking_app"}
{"level":"info","message":"POST /users. Status: 200. Duration: 0 ms","service":"booking_app"}
{"level":"info","message":"POST /login. Status: 200. Duration: 0 ms","service":"booking_app"}
{"level":"info","message":"GET /hosts/e2345678-90bc-def0-0123-456789abcdef. Status: 200. Duration: 0 ms","service":"booking_app"}
{"level":"info","message":"POST /login. Status: 200. Duration: 0 ms","service":"booking_app"}
{"level":"info","message":"PUT /hosts/e2345678-90bc-def0-0123-456789abcdef. Status: 200. Duration: 0 ms","service":"booking_app"}
{"level":"info","message":"POST /login. Status: 200. Duration: 0 ms","service":"booking_app"}
{"level":"info","message":"DELETE /hosts/e2345678-90bc-def0-0123-456789abcdef. Status: 200. Duration: 0 ms","service":"booking_app"}
{"level":"info","message":"POST /login. Status: 200. Duration: 0 ms","service":"booking_app"}
{"level":"info","message":"GET /hosts. Status: 200. Duration: 0 ms","service":"booking_app"}
{"level":"info","message":"POST /login. Status: 200. Duration: 0 ms","service":"booking_app"}
{"level":"info","message":"POST /hosts. Status: 200. Duration: 1 ms","service":"booking_app"}
{"level":"info","message":"POST /login. Status: 200. Duration: 0 ms","service":"booking_app"}
{"level":"info","message":"GET /properties/i1234567-89f0-1234-5678-9abcdef01234. Status: 200. Duration: 0 ms","service":"booking_app"}
{"level":"info","message":"POST /login. Status: 200. Duration: 0 ms","service":"booking_app"}
{"level":"info","message":"PUT /properties/i1234567-89f0-1234-5678-9abcdef01234. Status: 200. Duration: 0 ms","service":"booking_app"}
{"level":"info","message":"POST /login. Status: 200. Duration: 0 ms","service":"booking_app"}
{"level":"info","message":"DELETE /properties/i1234567-89f0-1234-5678-9abcdef01234. Status: 200. Duration: 0 ms","service":"booking_app"}
{"level":"info","message":"POST /login. Status: 200. Duration: 0 ms","service":"booking_app"}
{"level":"info","message":"GET /properties. Status: 200. Duration: 0 ms","service":"booking_app"}
{"level":"info","message":"POST /login. Status: 200. Duration: 0 ms","service":"booking_app"}
{"level":"info","message":"POST /properties. Status: 200. Duration: 0 ms","service":"booking_app"}
{"level":"info","message":"POST /login. Status: 200. Duration: 0 ms","service":"booking_app"}
{"level":"info","message":"GET /amenities/u3456789-01rs-tuvw-01cd-ef0123456789. Status: 200. Duration: 0 ms","service":"booking_app"}
{"level":"info","message":"POST /login. Status: 200. Duration: 1 ms","service":"booking_app"}
{"level":"info","message":"PUT /amenities/u3456789-01rs-tuvw-01cd-ef0123456789. Status: 200. Duration: 0 ms","service":"booking_app"}
{"level":"info","message":"POST /login. Status: 200. Duration: 0 ms","service":"booking_app"}
{"level":"info","message":"DELETE /amenities/u3456789-01rs-tuvw-01cd-ef0123456789. Status: 200. Duration: 0 ms","service":"booking_app"}
{"level":"info","message":"POST /login. Status: 200. Duration: 0 ms","service":"booking_app"}
{"level":"info","message":"GET /amenities. Status: 200. Duration: 0 ms","service":"booking_app"}
{"level":"info","message":"POST /login. Status: 200. Duration: 0 ms","service":"booking_app"}
{"level":"info","message":"POST /amenities. Status: 200. Duration: 1 ms","service":"booking_app"}
{"level":"info","message":"POST /login. Status: 200. Duration: 0 ms","service":"booking_app"}
{"level":"info","message":"GET /bookings/f0123456-78ab-cdef-0123-456789abcdef. Status: 200. Duration: 0 ms","service":"booking_app"}
{"level":"info","message":"POST /login. Status: 200. Duration: 0 ms","service":"booking_app"}
{"level":"info","message":"PUT /bookings/f0123456-78ab-cdef-0123-456789abcdef. Status: 200. Duration: 0 ms","service":"booking_app"}
{"level":"info","message":"POST /login. Status: 200. Duration: 0 ms","service":"booking_app"}
{"level":"info","message":"DELETE /bookings/f0123456-78ab-cdef-0123-456789abcdef. Status: 200. Duration: 0 ms","service":"booking_app"}
{"level":"info","message":"POST /login. Status: 200. Duration: 0 ms","service":"booking_app"}
{"level":"info","message":"GET /bookings. Status: 200. Duration: 1 ms","service":"booking_app"}
{"level":"info","message":"POST /login. Status: 200. Duration: 1 ms","service":"booking_app"}
{"level":"info","message":"POST /bookings. Status: 200. Duration: 0 ms","service":"booking_app"}
{"level":"info","message":"POST /login. Status: 200. Duration: 0 ms","service":"booking_app"}
{"level":"info","message":"GET /reviews/j0123456-78f0-1234-5678-9abcdef01234. Status: 200. Duration: 0 ms","service":"booking_app"}
{"level":"info","message":"POST /login. Status: 200. Duration: 0 ms","service":"booking_app"}
{"level":"info","message":"PUT /reviews/j0123456-78f0-1234-5678-9abcdef01234. Status: 200. Duration: 1 ms","service":"booking_app"}
{"level":"info","message":"POST /login. Status: 200. Duration: 1 ms","service":"booking_app"}
{"level":"info","message":"DELETE /reviews/j0123456-78f0-1234-5678-9abcdef01234. Status: 200. Duration: 1 ms","service":"booking_app"}
{"level":"info","message":"POST /login. Status: 200. Duration: 0 ms","service":"booking_app"}
{"level":"info","message":"GET /reviews. Status: 200. Duration: 0 ms","service":"booking_app"}
{"level":"info","message":"POST /login. Status: 200. Duration: 0 ms","service":"booking_app"}
{"level":"info","message":"POST /reviews. Status: 200. Duration: 0 ms","service":"booking_app"}
{"level":"info","message":"POST /login. Status: 200. Duration: 0 ms","service":"booking_app"}
{"level":"info","message":"POST /login. Status: 200. Duration: 0 ms","service":"booking_app"}
{"level":"info","message":"POST /login. Status: 200. Duration: 0 ms","service":"booking_app"}
{"level":"info","message":"GET /users/e5678901-23f0-1234-5678-9abcdef01234. Status: 200. Duration: 1 ms","service":"booking_app"}
{"level":"info","message":"POST /login. Status: 200. Duration: 0 ms","service":"booking_app"}
{"level":"info","message":"PUT /users/e5678901-23f0-1234-5678-9abcdef01234. Status: 200. Duration: 0 ms","service":"booking_app"}
{"level":"info","message":"POST /login. Status: 200. Duration: 0 ms","service":"booking_app"}
{"level":"info","message":"DELETE /users/e5678901-23f0-1234-5678-9abcdef01234. Status: 200. Duration: 1 ms","service":"booking_app"}
{"level":"info","message":"POST /login. Status: 200. Duration: 0 ms","service":"booking_app"}
{"level":"info","message":"GET /users. Status: 200. Duration: 0 ms","service":"booking_app"}
{"level":"info","message":"POST /login. Status: 200. Duration: 0 ms","service":"booking_app"}
{"level":"info","message":"POST /users. Status: 200. Duration: 0 ms","service":"booking_app"}
{"level":"info","message":"POST /login. Status: 200. Duration: 0 ms","service":"booking_app"}
{"level":"info","message":"GET /hosts/e2345678-90bc-def0-0123-456789abcdef. Status: 200. Duration: 0 ms","service":"booking_app"}
{"level":"info","message":"POST /login. Status: 200. Duration: 0 ms","service":"booking_app"}
{"level":"info","message":"PUT /hosts/e2345678-90bc-def0-0123-456789abcdef. Status: 200. Duration: 0 ms","service":"booking_app"}
{"level":"info","message":"POST /login. Status: 200. Duration: 0 ms","service":"booking_app"}
{"level":"info","message":"DELETE /hosts/e2345678-90bc-def0-0123-456789abcdef. Status: 200. Duration: 0 ms","service":"booking_app"}
{"level":"info","message":"POST /login. Status: 200. Duration: 0 ms","service":"booking_app"}
{"level":"info","message":"GET /hosts. Status: 200. Duration: 0 ms","service":"booking_app"}
{"level":"info","message":"POST /login. Status: 200. Duration: 0 ms","service":"booking_app"}
{"level":"info","message":"POST /hosts. Status: 200. Duration: 1 ms","service":"booking_app"}
{"level":"info","message":"POST /login. Status: 200. Duration: 0 ms","service":"booking_app"}
{"level":"info","message":"GET /properties/i1234567-89f0-1234-5678-9abcdef01234. Status: 200. Duration: 0 ms","service":"booking_app"}
{"level":"info","message":"POST /login. Status: 200. Duration: 0 ms","service":"booking_app"}
{"level":"info","message":"PUT /properties/i1234567-89f0-1234-5678-9abcdef01234. Status: 200. Duration: 0 ms","service":"booking_app"}
{"level":"info","message":"POST /login. Status: 200. Duration: 0 ms","service":"booking_app"}
{"level":"info","message":"DELETE /properties/i1234567-89f0-1234-5678-9abcdef01234. Status: 200. Duration: 0 ms","service":"booking_app"}
{"level":"info","message":"POST /login. Status: 200. Duration: 0 ms","service":"booking_app"}
{"level":"info","message":"GET /properties. Status: 200. Duration: 0 ms","service":"booking_app"}
{"level":"info","message":"POST /login. Status: 200. Duration: 0 ms","service":"booking_app"}
{"level":"info","message":"POST /properties. Status: 200. Duration: 0 ms","service":"booking_app"}
{"level":"info","message":"POST /login. Status: 200. Duration: 0 ms","service":"booking_app"}
{"level":"info","message":"GET /amenities/u3456789-01rs-tuvw-01cd-ef0123456789. Status: 200. Duration: 0 ms","service":"booking_app"}
{"level":"info","message":"POST /login. Status: 200. Duration: 0 ms","service":"booking_app"}
{"level":"info","message":"PUT /amenities/u3456789-01rs-tuvw-01cd-ef0123456789. Status: 200. Duration: 0 ms","service":"booking_app"}
{"level":"info","message":"POST /login. Status: 200. Duration: 0 ms","service":"booking_app"}
{"level":"info","message":"DELETE /amenities/u3456789-01rs-tuvw-01cd-ef0123456789. Status: 200. Duration: 1 ms","service":"booking_app"}
{"level":"info","message":"POST /login. Status: 200. Duration: 0 ms","service":"booking_app"}
{"level":"info","message":"GET /amenities. Status: 200. Duration: 0 ms","service":"booking_app"}
{"level":"info","message":"POST /login. Status: 200. Duration: 0 ms","service":"booking_app"}
{"level":"info","message":"POST /amenities. Status: 200. Duration: 0 ms","service":"booking_app"}
{"level":"info","message":"POST /login. Status: 200. Duration: 0 ms","service":"booking_app"}
{"level":"info","message":"GET /bookings/f0123456-78ab-cdef-0123-456789abcdef. Status: 200. Duration: 0 ms","service":"booking_app"}
{"level":"info","message":"POST /login. Status: 200. Duration: 0 ms","service":"booking_app"}
{"level":"info","message":"PUT /bookings/f0123456-78ab-cdef-0123-456789abcdef. Status: 200. Duration: 0 ms","service":"booking_app"}
{"level":"info","message":"POST /login. Status: 200. Duration: 0 ms","service":"booking_app"}
{"level":"info","message":"DELETE /bookings/f0123456-78ab-cdef-0123-456789abcdef. Status: 200. Duration: 0 ms","service":"booking_app"}
{"level":"info","message":"POST /login. Status: 200. Duration: 0 ms","service":"booking_app"}
{"level":"info","message":"GET /bookings. Status: 200. Duration: 0 ms","service":"booking_app"}
{"level":"info","message":"POST /login. Status: 200. Duration: 0 ms","service":"booking_app"}
{"level":"info","message":"POST /bookings. Status: 200. Duration: 0 ms","service":"booking_app"}
{"level":"info","message":"POST /login. Status: 200. Duration: 0 ms","service":"booking_app"}
{"level":"info","message":"GET /reviews/j0123456-78f0-1234-5678-9abcdef01234. Status: 200. Duration: 0 ms","service":"booking_app"}
{"level":"info","message":"POST /login. Status: 200. Duration: 0 ms","service":"booking_app"}
{"level":"info","message":"PUT /reviews/j0123456-78f0-1234-5678-9abcdef01234. Status: 200. Duration: 1 ms","service":"booking_app"}
{"level":"info","message":"POST /login. Status: 200. Duration: 0 ms","service":"booking_app"}
{"level":"info","message":"DELETE /reviews/j0123456-78f0-1234-5678-9abcdef01234. Status: 200. Duration: 0 ms","service":"booking_app"}
{"level":"info","message":"POST /login. Status: 200. Duration: 0 ms","service":"booking_app"}
{"level":"info","message":"GET /reviews. Status: 200. Duration: 0 ms","service":"booking_app"}
{"level":"info","message":"POST /login. Status: 200. Duration: 0 ms","service":"booking_app"}
{"level":"info","message":"POST /reviews. Status: 200. Duration: 0 ms","service":"booking_app"}
{"level":"info","message":"POST /login. Status: 200. Duration: 0 ms","service":"booking_app"}
{"level":"info","message":"POST /login. Status: 200. Duration: 0 ms","service":"booking_app"}
{"level":"info","message":"GET /users. Status: 200. Duration: 0 ms","service":"booking_app"}
{"level":"info","message":"GET /users. Status: 200. Duration: 1 ms","service":"booking_app"}
{"level":"info","message":"GET /users. Status: 200. Duration: 1 ms","service":"booking_app"}
{"level":"info","message":"GET /users. Status: 200. Duration: 1 ms","service":"booking_app"}
{"level":"info","message":"GET /users. Status: 200. Duration: 1 ms","service":"booking_app"}
{"level":"info","message":"GET /users. Status: 200. Duration: 1 ms","service":"booking_app"}
{"level":"info","message":"GET /users. Status: 200. Duration: 0 ms","service":"booking_app"}
{"level":"info","message":"POST /login. Status: 200. Duration: 1 ms","service":"booking_app"}
{"level":"info","message":"POST /login. Status: 200. Duration: 0 ms","service":"booking_app"}
{"level":"info","message":"POST /login. Status: 200. Duration: 1 ms","service":"booking_app"}
{"level":"info","message":"POST /login. Status: 200. Duration: 1 ms","service":"booking_app"}
{"level":"info","message":"POST /login. Status: 200. Duration: 1 ms","service":"booking_app"}
{"level":"info","message":"POST /login. Status: 200. Duration: 0 ms","service":"booking_app"}
{"level":"info","message":"POST /login. Status: 200. Duration: 0 ms","service":"booking_app"}
{"level":"info","message":"POST /login. Status: 200. Duration: 0 ms","service":"booking_app"}
{"level":"info","message":"POST /login. Status: 200. Duration: 0 ms","service":"booking_app"}
{"level":"info","message":"POST /login. Status: 200. Duration: 0 ms","service":"booking_app"}
{"level":"info","message":"POST /login. Status: 200. Duration: 0 ms","service":"booking_app"}
{"level":"info","message":"POST /login. Status: 200. Duration: 0 ms","service":"booking_app"}
{"level":"info","message":"POST /login. Status: 200. Duration: 0 ms","service":"booking_app"}
{"level":"info","message":"POST /login. Status: 200. Duration: 0 ms","service":"booking_app"}
{"level":"info","message":"POST /login. Status: 200. Duration: 1 ms","service":"booking_app"}
{"level":"info","message":"POST /login. Status: 200. Duration: 0 ms","service":"booking_app"}
{"level":"info","message":"POST /login. Status: 200. Duration: 0 ms","service":"booking_app"}
{"level":"info","message":"POST /login. Status: 200. Duration: 0 ms","service":"booking_app"}
{"level":"info","message":"POST /login. Status: 200. Duration: 0 ms","service":"booking_app"}
{"level":"info","message":"POST /login. Status: 200. Duration: 1 ms","service":"booking_app"}
{"level":"info","message":"POST /login. Status: 200. Duration: 0 ms","service":"booking_app"}
{"level":"info","message":"POST /login. Status: 200. Duration: 0 ms","service":"booking_app"}
{"level":"info","message":"POST /login. Status: 200. Duration: 3 ms","service":"booking_app"}
{"level":"info","message":"POST /login. Status: 200. Duration: 1 ms","service":"booking_app"}
{"level":"info","message":"POST /login. Status: 200. Duration: 0 ms","service":"booking_app"}
{"level":"info","message":"POST /login. Status: 200. Duration: 0 ms","service":"booking_app"}
{"level":"info","message":"POST /login. Status: 200. Duration: 0 ms","service":"booking_app"}
{"level":"info","message":"POST /login. Status: 200. Duration: 0 ms","service":"booking_app"}
{"level":"info","message":"POST /login. Status: 200. Duration: 0 ms","service":"booking_app"}
{"level":"info","message":"POST /login. Status: 200. Duration: 0 ms","service":"booking_app"}
{"level":"info","message":"POST /login. Status: 200. Duration: 0 ms","service":"booking_app"}
{"level":"info","message":"POST /login. Status: 200. Duration: 0 ms","service":"booking_app"}
{"level":"info","message":"POST /login. Status: 200. Duration: 0 ms","service":"booking_app"}
{"level":"info","message":"POST /login. Status: 200. Duration: 0 ms","service":"booking_app"}
{"level":"info","message":"POST /login. Status: 200. Duration: 0 ms","service":"booking_app"}
{"level":"info","message":"POST /login. Status: 200. Duration: 1 ms","service":"booking_app"}
{"level":"info","message":"PUT /properties. Status: 200. Duration: 1 ms","service":"booking_app"}
{"level":"info","message":"PUT /properties. Status: 200. Duration: 2 ms","service":"booking_app"}
{"level":"info","message":"PUT /properties. Status: 200. Duration: 2 ms","service":"booking_app"}
{"level":"info","message":"PUT /properties. Status: 200. Duration: 1 ms","service":"booking_app"}
{"level":"info","message":"PUT /properties. Status: 200. Duration: 0 ms","service":"booking_app"}
{"level":"info","message":"PUT /properties. Status: 200. Duration: 1 ms","service":"booking_app"}
{"level":"info","message":"PUT /properties. Status: 200. Duration: 1 ms","service":"booking_app"}
